<?xml version="1.0" encoding="UTF-8"?>
<!-- Generated by org.testng.reporters.JUnitXMLReporter -->
<testsuite ignored="0" hostname="DESKTOP-DFHHFDN" failures="2" tests="2" name="ChromeParticipantLoginTest" time="47.141" errors="0" timestamp="2021-04-10T12:05:58 IST">
  <testcase classname="TestCases.ParticipantLogin" name="ChromeParticipantLoginTest" time="30.716">
    <failure type="java.lang.AssertionError" message="The following asserts failed:
	expected [Ragurajan] but found [Login- BMC],
	expected [Ragurajan] but found [_ParticipantLogon20_WAR_ahcommonauthportlet_userId],
	expected [Ragurajan] but found [_ParticipantLogon20_WAR_ahcommonauthportlet_password],
	expected [Ragurajan] but found [_ParticipantLogon20_WAR_ahcommonauthportlet_skipAACheckbox]">
      <![CDATA[java.lang.AssertionError: The following asserts failed:
expected [Ragurajan] but found [Login- BMC],
expected [Ragurajan] but found [_ParticipantLogon20_WAR_ahcommonauthportlet_userId],
expected [Ragurajan] but found [_ParticipantLogon20_WAR_ahcommonauthportlet_password],
expected [Ragurajan] but found [_ParticipantLogon20_WAR_ahcommonauthportlet_skipAACheckbox]
at TestCases.ParticipantLogin.ChromeParticipantLoginTest(ParticipantLogin.java:100)
at java.base/java.util.ArrayList.forEach(ArrayList.java:1511)
... Removed 29 stack frames]]>
    </failure>
  </testcase> <!-- ChromeParticipantLoginTest -->
  <testcase classname="TestCases.ParticipantLogin" name="FirefoxParticipantLoginTest" time="7.89">
    <failure type="java.lang.AssertionError" message="The following asserts failed:
	expected [Ragurajan] but found [Login- BMC],
	expected [Ragurajan] but found [_ParticipantLogon20_WAR_ahcommonauthportlet_userId],
	expected [Ragurajan] but found [_ParticipantLogon20_WAR_ahcommonauthportlet_password],
	expected [Ragurajan] but found [_ParticipantLogon20_WAR_ahcommonauthportlet_skipAACheckbox]">
      <![CDATA[java.lang.AssertionError: The following asserts failed:
expected [Ragurajan] but found [Login- BMC],
expected [Ragurajan] but found [_ParticipantLogon20_WAR_ahcommonauthportlet_userId],
expected [Ragurajan] but found [_ParticipantLogon20_WAR_ahcommonauthportlet_password],
expected [Ragurajan] but found [_ParticipantLogon20_WAR_ahcommonauthportlet_skipAACheckbox]
at TestCases.ParticipantLogin.FirefoxParticipantLoginTest(ParticipantLogin.java:151)
at java.base/java.util.ArrayList.forEach(ArrayList.java:1511)
... Removed 29 stack frames]]>
    </failure>
  </testcase> <!-- FirefoxParticipantLoginTest -->
</testsuite> <!-- ChromeParticipantLoginTest -->
